15/02/21 (12:38:56) | ERROR: Exception while getting cpu frequency!
15/02/21 (12:38:56) | ERROR: [Errno 2] No such file or directory (originated from sysctlbyname('hw.cpufrequency'))
Traceback (most recent call last):
  File "/opt/homebrew/Cellar/bpytop/1.0.62/libexec/lib/python3.9/site-packages/bpytop.py", line 3034, in _collect
    if hasattr(psutil.cpu_freq(), "current"):
  File "/opt/homebrew/Cellar/bpytop/1.0.62/libexec/lib/python3.9/site-packages/psutil/__init__.py", line 1859, in cpu_freq
    ret = _psplatform.cpu_freq()
  File "/opt/homebrew/Cellar/bpytop/1.0.62/libexec/lib/python3.9/site-packages/psutil/_psosx.py", line 180, in cpu_freq
    curr, min_, max_ = cext.cpu_freq()
FileNotFoundError: [Errno 2] No such file or directory (originated from sysctlbyname('hw.cpufrequency'))
15/02/21 (12:40:08) | ERROR: Exception while getting cpu frequency!
15/02/21 (12:40:08) | ERROR: [Errno 2] No such file or directory (originated from sysctlbyname('hw.cpufrequency'))
Traceback (most recent call last):
  File "/opt/homebrew/Cellar/bpytop/1.0.62/libexec/lib/python3.9/site-packages/bpytop.py", line 3034, in _collect
    if hasattr(psutil.cpu_freq(), "current"):
  File "/opt/homebrew/Cellar/bpytop/1.0.62/libexec/lib/python3.9/site-packages/psutil/__init__.py", line 1859, in cpu_freq
    ret = _psplatform.cpu_freq()
  File "/opt/homebrew/Cellar/bpytop/1.0.62/libexec/lib/python3.9/site-packages/psutil/_psosx.py", line 180, in cpu_freq
    curr, min_, max_ = cext.cpu_freq()
FileNotFoundError: [Errno 2] No such file or directory (originated from sysctlbyname('hw.cpufrequency'))
07/03/21 (13:35:40) | ERROR: Exception while getting cpu frequency!
07/03/21 (13:35:40) | ERROR: [Errno 2] No such file or directory (originated from sysctlbyname('hw.cpufrequency'))
Traceback (most recent call last):
  File "/opt/homebrew/Cellar/bpytop/1.0.63/libexec/lib/python3.9/site-packages/bpytop.py", line 3046, in _collect
    if hasattr(psutil.cpu_freq(), "current"):
  File "/opt/homebrew/Cellar/bpytop/1.0.63/libexec/lib/python3.9/site-packages/psutil/__init__.py", line 1859, in cpu_freq
    ret = _psplatform.cpu_freq()
  File "/opt/homebrew/Cellar/bpytop/1.0.63/libexec/lib/python3.9/site-packages/psutil/_psosx.py", line 180, in cpu_freq
    curr, min_, max_ = cext.cpu_freq()
FileNotFoundError: [Errno 2] No such file or directory (originated from sysctlbyname('hw.cpufrequency'))
